0 verbose cli C:\Program Files\nodejs\node.exe C:\Program Files\nodejs\node_modules\npm\bin\npm-cli.js
1 info using npm@11.12.1
2 info using node@v24.15.0
3 silly config load:file:C:\Program Files\nodejs\node_modules\npm\npmrc
4 silly config load:file:D:\Projects\ai-news\.npmrc
5 silly config load:file:C:\Users\Lenovo\.npmrc
6 silly config load:file:C:\Users\Lenovo\AppData\Roaming\npm\etc\npmrc
7 verbose title npm install rss-parser
8 verbose argv "install" "rss-parser"
9 verbose logfile logs-max:10 dir:D:\Projects\ai-news\npm-cache\_logs\2026-05-11T16_17_39_712Z-
10 verbose logfile D:\Projects\ai-news\npm-cache\_logs\2026-05-11T16_17_39_712Z-debug-0.log
11 silly logfile done cleaning log files
12 silly packumentCache heap:4496293888 maxSize:1124073472 maxEntrySize:562036736
13 silly idealTree buildDeps
14 silly fetch manifest rss-parser@*
15 silly packumentCache full:https://registry.npmmirror.com/rss-parser cache-miss
16 http fetch GET 200 https://registry.npmmirror.com/rss-parser 338ms (cache miss)
17 silly packumentCache full:https://registry.npmmirror.com/rss-parser set size:23568 disposed:false
18 silly placeDep ROOT rss-parser@3.13.0 OK for: ai-news@1.0.0 want: *
19 silly fetch manifest entities@^2.0.3
20 silly packumentCache full:https://registry.npmmirror.com/entities cache-miss
21 silly fetch manifest xml2js@^0.5.0
22 silly packumentCache full:https://registry.npmmirror.com/xml2js cache-miss
23 http fetch GET 200 https://registry.npmmirror.com/entities 80ms (cache miss)
24 silly packumentCache full:https://registry.npmmirror.com/entities set size:23218 disposed:false
25 http fetch GET 200 https://registry.npmmirror.com/xml2js 296ms (cache miss)
26 silly packumentCache full:https://registry.npmmirror.com/xml2js set size:27240 disposed:false
27 silly placeDep ROOT entities@2.2.0 OK for: rss-parser@3.13.0 want: ^2.0.3
28 silly placeDep ROOT xml2js@0.5.0 OK for: rss-parser@3.13.0 want: ^0.5.0
29 silly fetch manifest sax@>=0.6.0
30 silly packumentCache full:https://registry.npmmirror.com/sax cache-miss
31 silly fetch manifest xmlbuilder@~11.0.0
32 silly packumentCache full:https://registry.npmmirror.com/xmlbuilder cache-miss
33 http fetch GET 200 https://registry.npmmirror.com/sax 115ms (cache miss)
34 silly packumentCache full:https://registry.npmmirror.com/sax set size:18866 disposed:false
35 http fetch GET 200 https://registry.npmmirror.com/xmlbuilder 180ms (cache miss)
36 silly packumentCache full:https://registry.npmmirror.com/xmlbuilder set size:24200 disposed:false
37 silly placeDep ROOT sax@1.6.0 OK for: xml2js@0.5.0 want: >=0.6.0
38 silly placeDep ROOT xmlbuilder@11.0.1 OK for: xml2js@0.5.0 want: ~11.0.0
39 silly reify moves {}
40 silly audit bulk request {
40 silly audit   'rss-parser': [ '3.13.0' ],
40 silly audit   entities: [ '2.2.0' ],
40 silly audit   xml2js: [ '0.5.0' ],
40 silly audit   sax: [ '1.6.0' ],
40 silly audit   xmlbuilder: [ '11.0.1' ]
40 silly audit }
41 http cache xmlbuilder@https://registry.npmmirror.com/xmlbuilder/-/xmlbuilder-11.0.1.tgz 1ms (cache hit)
42 http cache sax@https://registry.npmmirror.com/sax/-/sax-1.6.0.tgz 0ms (cache hit)
43 http cache xml2js@https://registry.npmmirror.com/xml2js/-/xml2js-0.5.0.tgz 0ms (cache hit)
44 silly tarball no local data for xmlbuilder@https://registry.npmmirror.com/xmlbuilder/-/xmlbuilder-11.0.1.tgz. Extracting by manifest.
45 http cache entities@https://registry.npmmirror.com/entities/-/entities-2.2.0.tgz 0ms (cache hit)
46 silly tarball no local data for sax@https://registry.npmmirror.com/sax/-/sax-1.6.0.tgz. Extracting by manifest.
47 silly tarball no local data for xml2js@https://registry.npmmirror.com/xml2js/-/xml2js-0.5.0.tgz. Extracting by manifest.
48 http cache rss-parser@https://registry.npmmirror.com/rss-parser/-/rss-parser-3.13.0.tgz 0ms (cache hit)
49 silly tarball no local data for entities@https://registry.npmmirror.com/entities/-/entities-2.2.0.tgz. Extracting by manifest.
50 silly tarball no local data for rss-parser@https://registry.npmmirror.com/rss-parser/-/rss-parser-3.13.0.tgz. Extracting by manifest.
51 http fetch POST 404 https://registry.npmmirror.com/-/npm/v1/security/advisories/bulk 99ms
52 verbose audit error HttpErrorGeneral: 404 Not Found - POST https://registry.npmmirror.com/-/npm/v1/security/advisories/bulk - [NOT_IMPLEMENTED] /-/npm/v1/security/* not implemented yet
52 verbose audit error     at C:\Program Files\nodejs\node_modules\npm\node_modules\npm-registry-fetch\lib\check-response.js:103:15
52 verbose audit error     at process.processTicksAndRejections (node:internal/process/task_queues:104:5)
52 verbose audit error     at async #getReport (C:\Program Files\nodejs\node_modules\npm\node_modules\@npmcli\arborist\lib\audit-report.js:275:19)
52 verbose audit error     at async AuditReport.run (C:\Program Files\nodejs\node_modules\npm\node_modules\@npmcli\arborist\lib\audit-report.js:100:19) {
52 verbose audit error   headers: [Object: null prototype] {
52 verbose audit error     server: [ 'Tengine' ],
52 verbose audit error     date: [ 'Mon, 11 May 2026 16:17:41 GMT' ],
52 verbose audit error     'content-type': [ 'application/json' ],
52 verbose audit error     'transfer-encoding': [ 'chunked' ],
52 verbose audit error     connection: [ 'keep-alive' ],
52 verbose audit error     'strict-transport-security': [ 'max-age=5184000' ],
52 verbose audit error     via: [ 'kunlun3.cn7974[,404666]' ],
52 verbose audit error     'timing-allow-origin': [ '*' ],
52 verbose audit error     eagleid: [ '2782b29717785162611651520e' ],
52 verbose audit error     'x-fetch-attempts': [ '1' ]
52 verbose audit error   },
52 verbose audit error   statusCode: 404,
52 verbose audit error   code: 'E404',
52 verbose audit error   method: 'POST',
52 verbose audit error   uri: 'https://registry.npmmirror.com/-/npm/v1/security/advisories/bulk',
52 verbose audit error   body: {
52 verbose audit error     error: '[NOT_IMPLEMENTED] /-/npm/v1/security/* not implemented yet'
52 verbose audit error   },
52 verbose audit error   pkgid: undefined
52 verbose audit error }
53 silly audit error [object Object]
54 silly audit report null
55 http fetch GET 200 https://cdn.npmmirror.com/packages/xmlbuilder/11.0.1/xmlbuilder-11.0.1.tgz 467ms (cache miss)
56 http fetch GET 200 https://cdn.npmmirror.com/packages/sax/1.6.0/sax-1.6.0.tgz 529ms (cache miss)
57 http fetch GET 200 https://cdn.npmmirror.com/packages/xml2js/0.5.0/xml2js-0.5.0.tgz 531ms (cache miss)
58 http fetch GET 200 https://cdn.npmmirror.com/packages/entities/2.2.0/entities-2.2.0.tgz 598ms (cache miss)
59 http fetch GET 200 https://cdn.npmmirror.com/packages/rss-parser/3.13.0/rss-parser-3.13.0.tgz 863ms (cache miss)
60 silly ADD node_modules/xmlbuilder
61 silly ADD node_modules/sax
62 silly ADD node_modules/xml2js
63 silly ADD node_modules/entities
64 silly ADD node_modules/rss-parser
65 verbose cwd D:\Projects\ai-news
66 verbose os Windows_NT 10.0.19045
67 verbose node v24.15.0
68 verbose npm  v11.12.1
69 verbose exit 0
70 info ok
